<?xml version="1.0" encoding="UTF-8"?>
<testng-results skipped="0" failed="0" total="1" passed="1">
  <reporter-output>
  </reporter-output>
  <suite name="Default suite" duration-ms="14713" started-at="2019-04-28T20:53:21Z" finished-at="2019-04-28T20:53:36Z">
    <groups>
    </groups>
    <test name="Default test" duration-ms="14713" started-at="2019-04-28T20:53:21Z" finished-at="2019-04-28T20:53:36Z">
      <class name="test.MigrosTest">
        <test-method status="PASS" signature="Setup()[pri:0, instance:test.MigrosTest@643b1d11]" name="Setup" is-config="true" duration-ms="4644" started-at="2019-04-28T23:53:21Z" finished-at="2019-04-28T23:53:26Z">
          <reporter-output>
          </reporter-output>
        </test-method> <!-- Setup -->
        <test-method status="PASS" signature="openMainPage()[pri:0, instance:test.MigrosTest@643b1d11]" name="openMainPage" duration-ms="7155" started-at="2019-04-28T23:53:26Z" finished-at="2019-04-28T23:53:33Z">
          <reporter-output>
          </reporter-output>
        </test-method> <!-- openMainPage -->
        <test-method status="PASS" signature="TestDown()[pri:0, instance:test.MigrosTest@643b1d11]" name="TestDown" is-config="true" duration-ms="2896" started-at="2019-04-28T23:53:33Z" finished-at="2019-04-28T23:53:36Z">
          <reporter-output>
          </reporter-output>
        </test-method> <!-- TestDown -->
      </class> <!-- test.MigrosTest -->
    </test> <!-- Default test -->
  </suite> <!-- Default suite -->
</testng-results>
